2017-03-28 14:51:07 [localhost-startStop-2:932557584 ]-[ INFO ] Closing WebApplicationContext for namespace 'soda-servlet': startup date [Fri Mar 17 19:48:31 CST 2017]; parent: Root WebApplicationContext  
2017-03-28 14:51:15 [localhost-startStop-1:1833 ]-[ INFO ] FrameworkServlet 'soda': initialization started  
2017-03-28 14:51:15 [localhost-startStop-1:1836 ]-[ INFO ] Refreshing WebApplicationContext for namespace 'soda-servlet': startup date [Tue Mar 28 14:51:15 CST 2017]; parent: Root WebApplicationContext  
2017-03-28 14:51:15 [localhost-startStop-1:1837 ]-[ INFO ] Loading XML bean definitions from class path resource [spring-mvc.xml]  
2017-03-28 14:51:15 [localhost-startStop-1:2260 ]-[ INFO ] Mapped "{[/alarm/day]}" onto public com.universe.soda.utils.Status com.universe.soda.system.controller.AlarmController.dayAlarm(java.lang.String)  
2017-03-28 14:51:15 [localhost-startStop-1:2261 ]-[ INFO ] Mapped "{[/alarm/peroid]}" onto public com.universe.soda.utils.Status com.universe.soda.system.controller.AlarmController.peroidAlarm(java.lang.String,java.lang.String)  
2017-03-28 14:51:15 [localhost-startStop-1:2268 ]-[ INFO ] Mapped "{[/system/blackhole],methods=[GET]}" onto public com.universe.soda.utils.Status com.universe.soda.system.controller.SystemController.blackhole(java.lang.String,int,int)  
2017-03-28 14:51:15 [localhost-startStop-1:2268 ]-[ INFO ] Mapped "{[/system/volcano],methods=[GET]}" onto public com.universe.soda.utils.Status com.universe.soda.system.controller.SystemController.volcano(java.lang.String,int,int)  
2017-03-28 14:51:15 [localhost-startStop-1:2268 ]-[ INFO ] Mapped "{[/system/dayCurve],methods=[GET]}" onto public com.universe.soda.utils.Status com.universe.soda.system.controller.SystemController.dayState(double,double,int,java.lang.String)  
2017-03-28 14:51:15 [localhost-startStop-1:2268 ]-[ INFO ] Mapped "{[/system/periodCurve],methods=[GET]}" onto public com.universe.soda.utils.Status com.universe.soda.system.controller.SystemController.weekState(double,double,int,java.lang.String,java.lang.String)  
2017-03-28 14:51:15 [localhost-startStop-1:2272 ]-[ INFO ] Mapped "{[/summary/area/day]}" onto public com.universe.soda.utils.Status com.universe.soda.system.controller.SummaryController.dayArea(java.lang.String,java.lang.String)  
2017-03-28 14:51:15 [localhost-startStop-1:2272 ]-[ INFO ] Mapped "{[/summary/point/day]}" onto public com.universe.soda.utils.Status com.universe.soda.system.controller.SummaryController.dayPoint(java.lang.String,java.lang.String,java.lang.String)  
2017-03-28 14:51:15 [localhost-startStop-1:2273 ]-[ INFO ] Mapped "{[/summary/area/period]}" onto public com.universe.soda.utils.Status com.universe.soda.system.controller.SummaryController.periodArea(java.lang.String,java.lang.String,java.lang.String)  
2017-03-28 14:51:15 [localhost-startStop-1:2273 ]-[ INFO ] Mapped "{[/summary/point/period]}" onto public com.universe.soda.utils.Status com.universe.soda.system.controller.SummaryController.periodPoint(java.lang.String,java.lang.String,java.lang.String,java.lang.String)  
2017-03-28 14:51:15 [localhost-startStop-1:2274 ]-[ INFO ] Mapped "{[/exception/day]}" onto public com.universe.soda.utils.Status com.universe.soda.system.controller.ExceptionController.dayException(java.lang.String)  
2017-03-28 14:51:15 [localhost-startStop-1:2274 ]-[ INFO ] Mapped "{[/exception/period]}" onto public com.universe.soda.utils.Status com.universe.soda.system.controller.ExceptionController.dayException(java.lang.String,java.lang.String)  
2017-03-28 14:51:15 [localhost-startStop-1:2276 ]-[ INFO ] Mapped "{[/data/runData]}" onto public com.universe.soda.utils.Status com.universe.soda.data.controller.SysDataController.runData() throws java.lang.Exception  
2017-03-28 14:51:15 [localhost-startStop-1:2277 ]-[ INFO ] Mapped "{[/data/runDataFromDate]}" onto public com.universe.soda.utils.Status com.universe.soda.data.controller.SysDataController.runDataFromDate(java.lang.String) throws java.lang.Exception  
2017-03-28 14:51:15 [localhost-startStop-1:2277 ]-[ INFO ] Mapped "{[/re15/run]}" onto public com.universe.soda.utils.Status com.universe.soda.re15.common.Re15Controller.test() throws java.lang.Exception  
2017-03-28 14:51:15 [localhost-startStop-1:2502 ]-[ INFO ] Looking for @ControllerAdvice: WebApplicationContext for namespace 'soda-servlet': startup date [Tue Mar 28 14:51:15 CST 2017]; parent: Root WebApplicationContext  
2017-03-28 14:51:15 [localhost-startStop-1:2545 ]-[ INFO ] Looking for @ControllerAdvice: WebApplicationContext for namespace 'soda-servlet': startup date [Tue Mar 28 14:51:15 CST 2017]; parent: Root WebApplicationContext  
2017-03-28 14:51:15 [localhost-startStop-1:2598 ]-[ INFO ] Mapped URL path [/**] onto handler 'org.springframework.web.servlet.resource.ResourceHttpRequestHandler#0'  
2017-03-28 14:51:15 [localhost-startStop-1:2625 ]-[ INFO ] Mapped "{[/alarm/day]}" onto public com.universe.soda.utils.Status com.universe.soda.system.controller.AlarmController.dayAlarm(java.lang.String)  
2017-03-28 14:51:15 [localhost-startStop-1:2625 ]-[ INFO ] Mapped "{[/alarm/peroid]}" onto public com.universe.soda.utils.Status com.universe.soda.system.controller.AlarmController.peroidAlarm(java.lang.String,java.lang.String)  
2017-03-28 14:51:15 [localhost-startStop-1:2627 ]-[ INFO ] Mapped "{[/system/blackhole],methods=[GET]}" onto public com.universe.soda.utils.Status com.universe.soda.system.controller.SystemController.blackhole(java.lang.String,int,int)  
2017-03-28 14:51:15 [localhost-startStop-1:2627 ]-[ INFO ] Mapped "{[/system/volcano],methods=[GET]}" onto public com.universe.soda.utils.Status com.universe.soda.system.controller.SystemController.volcano(java.lang.String,int,int)  
2017-03-28 14:51:15 [localhost-startStop-1:2628 ]-[ INFO ] Mapped "{[/system/dayCurve],methods=[GET]}" onto public com.universe.soda.utils.Status com.universe.soda.system.controller.SystemController.dayState(double,double,int,java.lang.String)  
2017-03-28 14:51:15 [localhost-startStop-1:2628 ]-[ INFO ] Mapped "{[/system/periodCurve],methods=[GET]}" onto public com.universe.soda.utils.Status com.universe.soda.system.controller.SystemController.weekState(double,double,int,java.lang.String,java.lang.String)  
2017-03-28 14:51:15 [localhost-startStop-1:2629 ]-[ INFO ] Mapped "{[/summary/area/day]}" onto public com.universe.soda.utils.Status com.universe.soda.system.controller.SummaryController.dayArea(java.lang.String,java.lang.String)  
2017-03-28 14:51:15 [localhost-startStop-1:2629 ]-[ INFO ] Mapped "{[/summary/point/day]}" onto public com.universe.soda.utils.Status com.universe.soda.system.controller.SummaryController.dayPoint(java.lang.String,java.lang.String,java.lang.String)  
2017-03-28 14:51:15 [localhost-startStop-1:2630 ]-[ INFO ] Mapped "{[/summary/area/period]}" onto public com.universe.soda.utils.Status com.universe.soda.system.controller.SummaryController.periodArea(java.lang.String,java.lang.String,java.lang.String)  
2017-03-28 14:51:15 [localhost-startStop-1:2630 ]-[ INFO ] Mapped "{[/summary/point/period]}" onto public com.universe.soda.utils.Status com.universe.soda.system.controller.SummaryController.periodPoint(java.lang.String,java.lang.String,java.lang.String,java.lang.String)  
2017-03-28 14:51:15 [localhost-startStop-1:2631 ]-[ INFO ] Mapped "{[/exception/day]}" onto public com.universe.soda.utils.Status com.universe.soda.system.controller.ExceptionController.dayException(java.lang.String)  
2017-03-28 14:51:15 [localhost-startStop-1:2631 ]-[ INFO ] Mapped "{[/exception/period]}" onto public com.universe.soda.utils.Status com.universe.soda.system.controller.ExceptionController.dayException(java.lang.String,java.lang.String)  
2017-03-28 14:51:15 [localhost-startStop-1:2632 ]-[ INFO ] Mapped "{[/data/runData]}" onto public com.universe.soda.utils.Status com.universe.soda.data.controller.SysDataController.runData() throws java.lang.Exception  
2017-03-28 14:51:15 [localhost-startStop-1:2632 ]-[ INFO ] Mapped "{[/data/runDataFromDate]}" onto public com.universe.soda.utils.Status com.universe.soda.data.controller.SysDataController.runDataFromDate(java.lang.String) throws java.lang.Exception  
2017-03-28 14:51:15 [localhost-startStop-1:2633 ]-[ INFO ] Mapped "{[/re15/run]}" onto public com.universe.soda.utils.Status com.universe.soda.re15.common.Re15Controller.test() throws java.lang.Exception  
2017-03-28 14:51:15 [localhost-startStop-1:2637 ]-[ INFO ] Looking for @ControllerAdvice: WebApplicationContext for namespace 'soda-servlet': startup date [Tue Mar 28 14:51:15 CST 2017]; parent: Root WebApplicationContext  
2017-03-28 14:51:15 [localhost-startStop-1:2683 ]-[ INFO ] FrameworkServlet 'soda': initialization completed in 850 ms  
2017-03-28 14:51:18 [localhost-startStop-1:0 ]-[ INFO ] Root WebApplicationContext: initialization started  
2017-03-28 14:51:18 [localhost-startStop-1:96 ]-[ INFO ] Refreshing Root WebApplicationContext: startup date [Tue Mar 28 14:51:18 CST 2017]; root of context hierarchy  
2017-03-28 14:51:18 [localhost-startStop-1:143 ]-[ INFO ] Loading XML bean definitions from class path resource [spring-config.xml]  
2017-03-28 14:51:18 [localhost-startStop-1:539 ]-[ INFO ] Loading properties file from class path resource [jdbc.properties]  
2017-03-28 14:51:19 [localhost-startStop-1:971 ]-[ INFO ] {dataSource-1} inited  
2017-03-28 14:51:19 [localhost-startStop-1:1241 ]-[ INFO ] Initializing EhCache CacheManager  
2017-03-28 14:51:19 [localhost-startStop-1:1355 ]-[ WARN ] diskStorePath '/srv/tomcat8/temp' is already used by an existing CacheManager either in the same VM or in a different process.
The diskStore path for this CacheManager will be set to /srv/tomcat8/temp/ehcache_auto_created5092120472910562231diskstore.
To avoid this warning consider using the CacheManager factory methods to create a singleton CacheManager or specifying a separate ehcache configuration (ehcache.xml) for each CacheManager instance.  
2017-03-28 14:51:19 [localhost-startStop-1:1366 ]-[ WARN ] Data in persistent disk stores is ignored for stores from automatically created directories.
Remove diskPersistent or resolve the conflicting disk paths in cache configuration.
Deleting data file /srv/tomcat8/temp/ehcache_auto_created5092120472910562231diskstore/soda.data  
2017-03-28 14:51:19 [localhost-startStop-1:1539 ]-[ INFO ] Root WebApplicationContext: initialization completed in 1537 ms  
2017-03-28 14:51:37 [localhost-startStop-2:24381 ]-[ INFO ] Closing WebApplicationContext for namespace 'soda-servlet': startup date [Tue Mar 28 14:51:15 CST 2017]; parent: Root WebApplicationContext  
2017-03-28 14:51:42 [localhost-startStop-1:14964 ]-[ INFO ] FrameworkServlet 'soda': initialization started  
2017-03-28 14:51:42 [localhost-startStop-1:14968 ]-[ INFO ] Refreshing WebApplicationContext for namespace 'soda-servlet': startup date [Tue Mar 28 14:51:42 CST 2017]; parent: Root WebApplicationContext  
2017-03-28 14:51:42 [localhost-startStop-1:14969 ]-[ INFO ] Loading XML bean definitions from class path resource [spring-mvc.xml]  
2017-03-28 14:51:43 [localhost-startStop-1:15573 ]-[ INFO ] Mapped "{[/alarm/day]}" onto public com.universe.soda.utils.Status com.universe.soda.system.controller.AlarmController.dayAlarm(java.lang.String)  
2017-03-28 14:51:43 [localhost-startStop-1:15574 ]-[ INFO ] Mapped "{[/alarm/peroid]}" onto public com.universe.soda.utils.Status com.universe.soda.system.controller.AlarmController.peroidAlarm(java.lang.String,java.lang.String)  
2017-03-28 14:51:43 [localhost-startStop-1:15576 ]-[ INFO ] Mapped "{[/system/volcano],methods=[GET]}" onto public com.universe.soda.utils.Status com.universe.soda.system.controller.SystemController.volcano(java.lang.String,int,int)  
2017-03-28 14:51:43 [localhost-startStop-1:15576 ]-[ INFO ] Mapped "{[/system/blackhole],methods=[GET]}" onto public com.universe.soda.utils.Status com.universe.soda.system.controller.SystemController.blackhole(java.lang.String,int,int)  
2017-03-28 14:51:43 [localhost-startStop-1:15577 ]-[ INFO ] Mapped "{[/system/dayCurve],methods=[GET]}" onto public com.universe.soda.utils.Status com.universe.soda.system.controller.SystemController.dayState(double,double,int,java.lang.String)  
2017-03-28 14:51:43 [localhost-startStop-1:15577 ]-[ INFO ] Mapped "{[/system/periodCurve],methods=[GET]}" onto public com.universe.soda.utils.Status com.universe.soda.system.controller.SystemController.weekState(double,double,int,java.lang.String,java.lang.String)  
2017-03-28 14:51:43 [localhost-startStop-1:15581 ]-[ INFO ] Mapped "{[/summary/area/day]}" onto public com.universe.soda.utils.Status com.universe.soda.system.controller.SummaryController.dayArea(java.lang.String,java.lang.String)  
2017-03-28 14:51:43 [localhost-startStop-1:15581 ]-[ INFO ] Mapped "{[/summary/point/day]}" onto public com.universe.soda.utils.Status com.universe.soda.system.controller.SummaryController.dayPoint(java.lang.String,java.lang.String,java.lang.String)  
2017-03-28 14:51:43 [localhost-startStop-1:15581 ]-[ INFO ] Mapped "{[/summary/area/period]}" onto public com.universe.soda.utils.Status com.universe.soda.system.controller.SummaryController.periodArea(java.lang.String,java.lang.String,java.lang.String)  
2017-03-28 14:51:43 [localhost-startStop-1:15581 ]-[ INFO ] Mapped "{[/summary/point/period]}" onto public com.universe.soda.utils.Status com.universe.soda.system.controller.SummaryController.periodPoint(java.lang.String,java.lang.String,java.lang.String,java.lang.String)  
2017-03-28 14:51:43 [localhost-startStop-1:15583 ]-[ INFO ] Mapped "{[/exception/day]}" onto public com.universe.soda.utils.Status com.universe.soda.system.controller.ExceptionController.dayException(java.lang.String)  
2017-03-28 14:51:43 [localhost-startStop-1:15583 ]-[ INFO ] Mapped "{[/exception/period]}" onto public com.universe.soda.utils.Status com.universe.soda.system.controller.ExceptionController.dayException(java.lang.String,java.lang.String)  
2017-03-28 14:51:43 [localhost-startStop-1:15585 ]-[ INFO ] Mapped "{[/data/runData]}" onto public com.universe.soda.utils.Status com.universe.soda.data.controller.SysDataController.runData() throws java.lang.Exception  
2017-03-28 14:51:43 [localhost-startStop-1:15586 ]-[ INFO ] Mapped "{[/data/runDataFromDate]}" onto public com.universe.soda.utils.Status com.universe.soda.data.controller.SysDataController.runDataFromDate(java.lang.String) throws java.lang.Exception  
2017-03-28 14:51:43 [localhost-startStop-1:15586 ]-[ INFO ] Mapped "{[/re15/run]}" onto public com.universe.soda.utils.Status com.universe.soda.re15.common.Re15Controller.test() throws java.lang.Exception  
2017-03-28 14:51:43 [localhost-startStop-1:15841 ]-[ INFO ] Looking for @ControllerAdvice: WebApplicationContext for namespace 'soda-servlet': startup date [Tue Mar 28 14:51:42 CST 2017]; parent: Root WebApplicationContext  
2017-03-28 14:51:43 [localhost-startStop-1:15901 ]-[ INFO ] Looking for @ControllerAdvice: WebApplicationContext for namespace 'soda-servlet': startup date [Tue Mar 28 14:51:42 CST 2017]; parent: Root WebApplicationContext  
2017-03-28 14:51:43 [localhost-startStop-1:15954 ]-[ INFO ] Mapped URL path [/**] onto handler 'org.springframework.web.servlet.resource.ResourceHttpRequestHandler#0'  
2017-03-28 14:51:43 [localhost-startStop-1:15971 ]-[ INFO ] Mapped "{[/alarm/day]}" onto public com.universe.soda.utils.Status com.universe.soda.system.controller.AlarmController.dayAlarm(java.lang.String)  
2017-03-28 14:51:43 [localhost-startStop-1:15972 ]-[ INFO ] Mapped "{[/alarm/peroid]}" onto public com.universe.soda.utils.Status com.universe.soda.system.controller.AlarmController.peroidAlarm(java.lang.String,java.lang.String)  
2017-03-28 14:51:43 [localhost-startStop-1:15974 ]-[ INFO ] Mapped "{[/system/volcano],methods=[GET]}" onto public com.universe.soda.utils.Status com.universe.soda.system.controller.SystemController.volcano(java.lang.String,int,int)  
2017-03-28 14:51:43 [localhost-startStop-1:15974 ]-[ INFO ] Mapped "{[/system/blackhole],methods=[GET]}" onto public com.universe.soda.utils.Status com.universe.soda.system.controller.SystemController.blackhole(java.lang.String,int,int)  
2017-03-28 14:51:43 [localhost-startStop-1:15974 ]-[ INFO ] Mapped "{[/system/dayCurve],methods=[GET]}" onto public com.universe.soda.utils.Status com.universe.soda.system.controller.SystemController.dayState(double,double,int,java.lang.String)  
2017-03-28 14:51:43 [localhost-startStop-1:15975 ]-[ INFO ] Mapped "{[/system/periodCurve],methods=[GET]}" onto public com.universe.soda.utils.Status com.universe.soda.system.controller.SystemController.weekState(double,double,int,java.lang.String,java.lang.String)  
2017-03-28 14:51:43 [localhost-startStop-1:15976 ]-[ INFO ] Mapped "{[/summary/area/day]}" onto public com.universe.soda.utils.Status com.universe.soda.system.controller.SummaryController.dayArea(java.lang.String,java.lang.String)  
2017-03-28 14:51:43 [localhost-startStop-1:15977 ]-[ INFO ] Mapped "{[/summary/point/day]}" onto public com.universe.soda.utils.Status com.universe.soda.system.controller.SummaryController.dayPoint(java.lang.String,java.lang.String,java.lang.String)  
2017-03-28 14:51:43 [localhost-startStop-1:15977 ]-[ INFO ] Mapped "{[/summary/area/period]}" onto public com.universe.soda.utils.Status com.universe.soda.system.controller.SummaryController.periodArea(java.lang.String,java.lang.String,java.lang.String)  
2017-03-28 14:51:43 [localhost-startStop-1:15977 ]-[ INFO ] Mapped "{[/summary/point/period]}" onto public com.universe.soda.utils.Status com.universe.soda.system.controller.SummaryController.periodPoint(java.lang.String,java.lang.String,java.lang.String,java.lang.String)  
2017-03-28 14:51:43 [localhost-startStop-1:15978 ]-[ INFO ] Mapped "{[/exception/day]}" onto public com.universe.soda.utils.Status com.universe.soda.system.controller.ExceptionController.dayException(java.lang.String)  
2017-03-28 14:51:43 [localhost-startStop-1:15978 ]-[ INFO ] Mapped "{[/exception/period]}" onto public com.universe.soda.utils.Status com.universe.soda.system.controller.ExceptionController.dayException(java.lang.String,java.lang.String)  
2017-03-28 14:51:43 [localhost-startStop-1:15980 ]-[ INFO ] Mapped "{[/data/runData]}" onto public com.universe.soda.utils.Status com.universe.soda.data.controller.SysDataController.runData() throws java.lang.Exception  
2017-03-28 14:51:43 [localhost-startStop-1:15980 ]-[ INFO ] Mapped "{[/data/runDataFromDate]}" onto public com.universe.soda.utils.Status com.universe.soda.data.controller.SysDataController.runDataFromDate(java.lang.String) throws java.lang.Exception  
2017-03-28 14:51:43 [localhost-startStop-1:15980 ]-[ INFO ] Mapped "{[/re15/run]}" onto public com.universe.soda.utils.Status com.universe.soda.re15.common.Re15Controller.test() throws java.lang.Exception  
2017-03-28 14:51:43 [localhost-startStop-1:15985 ]-[ INFO ] Looking for @ControllerAdvice: WebApplicationContext for namespace 'soda-servlet': startup date [Tue Mar 28 14:51:42 CST 2017]; parent: Root WebApplicationContext  
2017-03-28 14:51:43 [localhost-startStop-1:16035 ]-[ INFO ] FrameworkServlet 'soda': initialization completed in 1071 ms  
2017-03-28 14:51:45 [localhost-startStop-1:0 ]-[ INFO ] Root WebApplicationContext: initialization started  
2017-03-28 14:51:45 [localhost-startStop-1:105 ]-[ INFO ] Refreshing Root WebApplicationContext: startup date [Tue Mar 28 14:51:45 CST 2017]; root of context hierarchy  
2017-03-28 14:51:45 [localhost-startStop-1:148 ]-[ INFO ] Loading XML bean definitions from class path resource [spring-config.xml]  
2017-03-28 14:51:46 [localhost-startStop-1:551 ]-[ INFO ] Loading properties file from class path resource [jdbc.properties]  
2017-03-28 14:51:46 [localhost-startStop-1:1277 ]-[ INFO ] {dataSource-1} inited  
2017-03-28 14:51:47 [localhost-startStop-1:1489 ]-[ INFO ] Initializing EhCache CacheManager  
2017-03-28 14:51:47 [localhost-startStop-1:1807 ]-[ INFO ] Root WebApplicationContext: initialization completed in 1806 ms  
2017-03-28 14:57:35 [localhost-startStop-1:1643 ]-[ INFO ] FrameworkServlet 'soda': initialization started  
2017-03-28 14:57:35 [localhost-startStop-1:1647 ]-[ INFO ] Refreshing WebApplicationContext for namespace 'soda-servlet': startup date [Tue Mar 28 14:57:35 CST 2017]; parent: Root WebApplicationContext  
2017-03-28 14:57:35 [localhost-startStop-1:1649 ]-[ INFO ] Loading XML bean definitions from class path resource [spring-mvc.xml]  
2017-03-28 14:57:35 [localhost-startStop-1:2026 ]-[ INFO ] Mapped "{[/alarm/day]}" onto public com.universe.soda.utils.Status com.universe.soda.system.controller.AlarmController.dayAlarm(java.lang.String)  
2017-03-28 14:57:35 [localhost-startStop-1:2027 ]-[ INFO ] Mapped "{[/alarm/peroid]}" onto public com.universe.soda.utils.Status com.universe.soda.system.controller.AlarmController.peroidAlarm(java.lang.String,java.lang.String)  
2017-03-28 14:57:35 [localhost-startStop-1:2029 ]-[ INFO ] Mapped "{[/system/volcano],methods=[GET]}" onto public com.universe.soda.utils.Status com.universe.soda.system.controller.SystemController.volcano(java.lang.String,int,int)  
2017-03-28 14:57:35 [localhost-startStop-1:2029 ]-[ INFO ] Mapped "{[/system/blackhole],methods=[GET]}" onto public com.universe.soda.utils.Status com.universe.soda.system.controller.SystemController.blackhole(java.lang.String,int,int)  
2017-03-28 14:57:35 [localhost-startStop-1:2029 ]-[ INFO ] Mapped "{[/system/dayCurve],methods=[GET]}" onto public com.universe.soda.utils.Status com.universe.soda.system.controller.SystemController.dayState(double,double,int,java.lang.String)  
2017-03-28 14:57:35 [localhost-startStop-1:2029 ]-[ INFO ] Mapped "{[/system/periodCurve],methods=[GET]}" onto public com.universe.soda.utils.Status com.universe.soda.system.controller.SystemController.weekState(double,double,int,java.lang.String,java.lang.String)  
2017-03-28 14:57:35 [localhost-startStop-1:2040 ]-[ INFO ] Mapped "{[/summary/point/day]}" onto public com.universe.soda.utils.Status com.universe.soda.system.controller.SummaryController.dayPoint(java.lang.String,java.lang.String,java.lang.String)  
2017-03-28 14:57:35 [localhost-startStop-1:2040 ]-[ INFO ] Mapped "{[/summary/area/period]}" onto public com.universe.soda.utils.Status com.universe.soda.system.controller.SummaryController.periodArea(java.lang.String,java.lang.String,java.lang.String)  
2017-03-28 14:57:35 [localhost-startStop-1:2040 ]-[ INFO ] Mapped "{[/summary/point/period]}" onto public com.universe.soda.utils.Status com.universe.soda.system.controller.SummaryController.periodPoint(java.lang.String,java.lang.String,java.lang.String,java.lang.String)  
2017-03-28 14:57:35 [localhost-startStop-1:2040 ]-[ INFO ] Mapped "{[/summary/area/day]}" onto public com.universe.soda.utils.Status com.universe.soda.system.controller.SummaryController.dayArea(java.lang.String,java.lang.String)  
2017-03-28 14:57:35 [localhost-startStop-1:2041 ]-[ INFO ] Mapped "{[/exception/day]}" onto public com.universe.soda.utils.Status com.universe.soda.system.controller.ExceptionController.dayException(java.lang.String)  
2017-03-28 14:57:35 [localhost-startStop-1:2041 ]-[ INFO ] Mapped "{[/exception/period]}" onto public com.universe.soda.utils.Status com.universe.soda.system.controller.ExceptionController.dayException(java.lang.String,java.lang.String)  
2017-03-28 14:57:35 [localhost-startStop-1:2046 ]-[ INFO ] Mapped "{[/data/runData]}" onto public com.universe.soda.utils.Status com.universe.soda.data.controller.SysDataController.runData() throws java.lang.Exception  
2017-03-28 14:57:35 [localhost-startStop-1:2046 ]-[ INFO ] Mapped "{[/data/runDataFromDate]}" onto public com.universe.soda.utils.Status com.universe.soda.data.controller.SysDataController.runDataFromDate(java.lang.String) throws java.lang.Exception  
2017-03-28 14:57:35 [localhost-startStop-1:2050 ]-[ INFO ] Mapped "{[/re15/run]}" onto public com.universe.soda.utils.Status com.universe.soda.re15.common.Re15Controller.test() throws java.lang.Exception  
2017-03-28 14:57:36 [localhost-startStop-1:2308 ]-[ INFO ] Looking for @ControllerAdvice: WebApplicationContext for namespace 'soda-servlet': startup date [Tue Mar 28 14:57:35 CST 2017]; parent: Root WebApplicationContext  
2017-03-28 14:57:36 [localhost-startStop-1:2378 ]-[ INFO ] Looking for @ControllerAdvice: WebApplicationContext for namespace 'soda-servlet': startup date [Tue Mar 28 14:57:35 CST 2017]; parent: Root WebApplicationContext  
2017-03-28 14:57:36 [localhost-startStop-1:2437 ]-[ INFO ] Mapped URL path [/**] onto handler 'org.springframework.web.servlet.resource.ResourceHttpRequestHandler#0'  
2017-03-28 14:57:36 [localhost-startStop-1:2457 ]-[ INFO ] Mapped "{[/alarm/day]}" onto public com.universe.soda.utils.Status com.universe.soda.system.controller.AlarmController.dayAlarm(java.lang.String)  
2017-03-28 14:57:36 [localhost-startStop-1:2457 ]-[ INFO ] Mapped "{[/alarm/peroid]}" onto public com.universe.soda.utils.Status com.universe.soda.system.controller.AlarmController.peroidAlarm(java.lang.String,java.lang.String)  
2017-03-28 14:57:36 [localhost-startStop-1:2463 ]-[ INFO ] Mapped "{[/system/volcano],methods=[GET]}" onto public com.universe.soda.utils.Status com.universe.soda.system.controller.SystemController.volcano(java.lang.String,int,int)  
2017-03-28 14:57:36 [localhost-startStop-1:2463 ]-[ INFO ] Mapped "{[/system/blackhole],methods=[GET]}" onto public com.universe.soda.utils.Status com.universe.soda.system.controller.SystemController.blackhole(java.lang.String,int,int)  
2017-03-28 14:57:36 [localhost-startStop-1:2463 ]-[ INFO ] Mapped "{[/system/dayCurve],methods=[GET]}" onto public com.universe.soda.utils.Status com.universe.soda.system.controller.SystemController.dayState(double,double,int,java.lang.String)  
2017-03-28 14:57:36 [localhost-startStop-1:2463 ]-[ INFO ] Mapped "{[/system/periodCurve],methods=[GET]}" onto public com.universe.soda.utils.Status com.universe.soda.system.controller.SystemController.weekState(double,double,int,java.lang.String,java.lang.String)  
2017-03-28 14:57:36 [localhost-startStop-1:2465 ]-[ INFO ] Mapped "{[/summary/point/day]}" onto public com.universe.soda.utils.Status com.universe.soda.system.controller.SummaryController.dayPoint(java.lang.String,java.lang.String,java.lang.String)  
2017-03-28 14:57:36 [localhost-startStop-1:2465 ]-[ INFO ] Mapped "{[/summary/area/period]}" onto public com.universe.soda.utils.Status com.universe.soda.system.controller.SummaryController.periodArea(java.lang.String,java.lang.String,java.lang.String)  
2017-03-28 14:57:36 [localhost-startStop-1:2465 ]-[ INFO ] Mapped "{[/summary/point/period]}" onto public com.universe.soda.utils.Status com.universe.soda.system.controller.SummaryController.periodPoint(java.lang.String,java.lang.String,java.lang.String,java.lang.String)  
2017-03-28 14:57:36 [localhost-startStop-1:2465 ]-[ INFO ] Mapped "{[/summary/area/day]}" onto public com.universe.soda.utils.Status com.universe.soda.system.controller.SummaryController.dayArea(java.lang.String,java.lang.String)  
2017-03-28 14:57:36 [localhost-startStop-1:2467 ]-[ INFO ] Mapped "{[/exception/day]}" onto public com.universe.soda.utils.Status com.universe.soda.system.controller.ExceptionController.dayException(java.lang.String)  
2017-03-28 14:57:36 [localhost-startStop-1:2467 ]-[ INFO ] Mapped "{[/exception/period]}" onto public com.universe.soda.utils.Status com.universe.soda.system.controller.ExceptionController.dayException(java.lang.String,java.lang.String)  
2017-03-28 14:57:36 [localhost-startStop-1:2472 ]-[ INFO ] Mapped "{[/data/runData]}" onto public com.universe.soda.utils.Status com.universe.soda.data.controller.SysDataController.runData() throws java.lang.Exception  
2017-03-28 14:57:36 [localhost-startStop-1:2473 ]-[ INFO ] Mapped "{[/data/runDataFromDate]}" onto public com.universe.soda.utils.Status com.universe.soda.data.controller.SysDataController.runDataFromDate(java.lang.String) throws java.lang.Exception  
2017-03-28 14:57:36 [localhost-startStop-1:2474 ]-[ INFO ] Mapped "{[/re15/run]}" onto public com.universe.soda.utils.Status com.universe.soda.re15.common.Re15Controller.test() throws java.lang.Exception  
2017-03-28 14:57:36 [localhost-startStop-1:2479 ]-[ INFO ] Looking for @ControllerAdvice: WebApplicationContext for namespace 'soda-servlet': startup date [Tue Mar 28 14:57:35 CST 2017]; parent: Root WebApplicationContext  
2017-03-28 14:57:36 [localhost-startStop-1:2533 ]-[ INFO ] FrameworkServlet 'soda': initialization completed in 890 ms  
2017-03-28 14:57:37 [localhost-startStop-1:0 ]-[ INFO ] Root WebApplicationContext: initialization started  
2017-03-28 14:57:37 [localhost-startStop-1:79 ]-[ INFO ] Refreshing Root WebApplicationContext: startup date [Tue Mar 28 14:57:37 CST 2017]; root of context hierarchy  
2017-03-28 14:57:37 [localhost-startStop-1:119 ]-[ INFO ] Loading XML bean definitions from class path resource [spring-config.xml]  
2017-03-28 14:57:38 [localhost-startStop-1:479 ]-[ INFO ] Loading properties file from class path resource [jdbc.properties]  
2017-03-28 14:57:38 [localhost-startStop-1:912 ]-[ INFO ] {dataSource-1} inited  
2017-03-28 14:57:38 [localhost-startStop-1:1148 ]-[ INFO ] Initializing EhCache CacheManager  
2017-03-28 14:57:39 [localhost-startStop-1:1269 ]-[ WARN ] diskStorePath '/srv/tomcat8/temp' is already used by an existing CacheManager either in the same VM or in a different process.
The diskStore path for this CacheManager will be set to /srv/tomcat8/temp/ehcache_auto_created4473148323587850702diskstore.
To avoid this warning consider using the CacheManager factory methods to create a singleton CacheManager or specifying a separate ehcache configuration (ehcache.xml) for each CacheManager instance.  
2017-03-28 14:57:39 [localhost-startStop-1:1271 ]-[ WARN ] Data in persistent disk stores is ignored for stores from automatically created directories.
Remove diskPersistent or resolve the conflicting disk paths in cache configuration.
Deleting data file /srv/tomcat8/temp/ehcache_auto_created4473148323587850702diskstore/soda.data  
2017-03-28 14:57:39 [localhost-startStop-1:1460 ]-[ INFO ] Root WebApplicationContext: initialization completed in 1458 ms  
2017-03-28 14:57:39 [localhost-startStop-1:5668 ]-[ INFO ] Closing WebApplicationContext for namespace 'soda-servlet': startup date [Tue Mar 28 14:57:35 CST 2017]; parent: Root WebApplicationContext  
