2017-03-17 19:46:54 [localhost-startStop-3:529900520 ]-[ INFO ] Closing WebApplicationContext for namespace 'soda-servlet': startup date [Sat Mar 11 16:35:41 CST 2017]; parent: Root WebApplicationContext  
2017-03-17 19:48:31 [localhost-startStop-1:1532 ]-[ INFO ] FrameworkServlet 'soda': initialization started  
2017-03-17 19:48:31 [localhost-startStop-1:1535 ]-[ INFO ] Refreshing WebApplicationContext for namespace 'soda-servlet': startup date [Fri Mar 17 19:48:31 CST 2017]; parent: Root WebApplicationContext  
2017-03-17 19:48:31 [localhost-startStop-1:1536 ]-[ INFO ] Loading XML bean definitions from class path resource [spring-mvc.xml]  
2017-03-17 19:48:32 [localhost-startStop-1:1920 ]-[ INFO ] Mapped "{[/alarm/peroid]}" onto public com.universe.soda.utils.Status com.universe.soda.system.controller.AlarmController.peroidAlarm(java.lang.String,java.lang.String)  
2017-03-17 19:48:32 [localhost-startStop-1:1921 ]-[ INFO ] Mapped "{[/alarm/day]}" onto public com.universe.soda.utils.Status com.universe.soda.system.controller.AlarmController.dayAlarm(java.lang.String)  
2017-03-17 19:48:32 [localhost-startStop-1:1923 ]-[ INFO ] Mapped "{[/system/periodCurve],methods=[GET]}" onto public com.universe.soda.utils.Status com.universe.soda.system.controller.SystemController.weekState(double,double,int,java.lang.String,java.lang.String)  
2017-03-17 19:48:32 [localhost-startStop-1:1923 ]-[ INFO ] Mapped "{[/system/volcano],methods=[GET]}" onto public com.universe.soda.utils.Status com.universe.soda.system.controller.SystemController.volcano(java.lang.String,int,int)  
2017-03-17 19:48:32 [localhost-startStop-1:1924 ]-[ INFO ] Mapped "{[/system/blackhole],methods=[GET]}" onto public com.universe.soda.utils.Status com.universe.soda.system.controller.SystemController.blackhole(java.lang.String,int,int)  
2017-03-17 19:48:32 [localhost-startStop-1:1924 ]-[ INFO ] Mapped "{[/system/dayCurve],methods=[GET]}" onto public com.universe.soda.utils.Status com.universe.soda.system.controller.SystemController.dayState(double,double,int,java.lang.String)  
2017-03-17 19:48:32 [localhost-startStop-1:1933 ]-[ INFO ] Mapped "{[/summary/area/day]}" onto public com.universe.soda.utils.Status com.universe.soda.system.controller.SummaryController.dayArea(java.lang.String,java.lang.String)  
2017-03-17 19:48:32 [localhost-startStop-1:1933 ]-[ INFO ] Mapped "{[/summary/point/day]}" onto public com.universe.soda.utils.Status com.universe.soda.system.controller.SummaryController.dayPoint(java.lang.String,java.lang.String,java.lang.String)  
2017-03-17 19:48:32 [localhost-startStop-1:1934 ]-[ INFO ] Mapped "{[/summary/area/period]}" onto public com.universe.soda.utils.Status com.universe.soda.system.controller.SummaryController.periodArea(java.lang.String,java.lang.String,java.lang.String)  
2017-03-17 19:48:32 [localhost-startStop-1:1934 ]-[ INFO ] Mapped "{[/summary/point/period]}" onto public com.universe.soda.utils.Status com.universe.soda.system.controller.SummaryController.periodPoint(java.lang.String,java.lang.String,java.lang.String,java.lang.String)  
2017-03-17 19:48:32 [localhost-startStop-1:1935 ]-[ INFO ] Mapped "{[/exception/day]}" onto public com.universe.soda.utils.Status com.universe.soda.system.controller.ExceptionController.dayException(java.lang.String)  
2017-03-17 19:48:32 [localhost-startStop-1:1935 ]-[ INFO ] Mapped "{[/exception/period]}" onto public com.universe.soda.utils.Status com.universe.soda.system.controller.ExceptionController.dayException(java.lang.String,java.lang.String)  
2017-03-17 19:48:32 [localhost-startStop-1:1938 ]-[ INFO ] Mapped "{[/data/runData]}" onto public com.universe.soda.utils.Status com.universe.soda.data.controller.SysDataController.runData() throws java.lang.Exception  
2017-03-17 19:48:32 [localhost-startStop-1:1938 ]-[ INFO ] Mapped "{[/data/runDataFromDate]}" onto public com.universe.soda.utils.Status com.universe.soda.data.controller.SysDataController.runDataFromDate(java.lang.String) throws java.lang.Exception  
2017-03-17 19:48:32 [localhost-startStop-1:1939 ]-[ INFO ] Mapped "{[/re15/run]}" onto public com.universe.soda.utils.Status com.universe.soda.re15.common.Re15Controller.test() throws java.lang.Exception  
2017-03-17 19:48:32 [localhost-startStop-1:2207 ]-[ INFO ] Looking for @ControllerAdvice: WebApplicationContext for namespace 'soda-servlet': startup date [Fri Mar 17 19:48:31 CST 2017]; parent: Root WebApplicationContext  
2017-03-17 19:48:32 [localhost-startStop-1:2262 ]-[ INFO ] Looking for @ControllerAdvice: WebApplicationContext for namespace 'soda-servlet': startup date [Fri Mar 17 19:48:31 CST 2017]; parent: Root WebApplicationContext  
2017-03-17 19:48:32 [localhost-startStop-1:2341 ]-[ INFO ] Mapped URL path [/**] onto handler 'org.springframework.web.servlet.resource.ResourceHttpRequestHandler#0'  
2017-03-17 19:48:32 [localhost-startStop-1:2358 ]-[ INFO ] Mapped "{[/alarm/peroid]}" onto public com.universe.soda.utils.Status com.universe.soda.system.controller.AlarmController.peroidAlarm(java.lang.String,java.lang.String)  
2017-03-17 19:48:32 [localhost-startStop-1:2359 ]-[ INFO ] Mapped "{[/alarm/day]}" onto public com.universe.soda.utils.Status com.universe.soda.system.controller.AlarmController.dayAlarm(java.lang.String)  
2017-03-17 19:48:32 [localhost-startStop-1:2361 ]-[ INFO ] Mapped "{[/system/periodCurve],methods=[GET]}" onto public com.universe.soda.utils.Status com.universe.soda.system.controller.SystemController.weekState(double,double,int,java.lang.String,java.lang.String)  
2017-03-17 19:48:32 [localhost-startStop-1:2361 ]-[ INFO ] Mapped "{[/system/volcano],methods=[GET]}" onto public com.universe.soda.utils.Status com.universe.soda.system.controller.SystemController.volcano(java.lang.String,int,int)  
2017-03-17 19:48:32 [localhost-startStop-1:2361 ]-[ INFO ] Mapped "{[/system/blackhole],methods=[GET]}" onto public com.universe.soda.utils.Status com.universe.soda.system.controller.SystemController.blackhole(java.lang.String,int,int)  
2017-03-17 19:48:32 [localhost-startStop-1:2361 ]-[ INFO ] Mapped "{[/system/dayCurve],methods=[GET]}" onto public com.universe.soda.utils.Status com.universe.soda.system.controller.SystemController.dayState(double,double,int,java.lang.String)  
2017-03-17 19:48:32 [localhost-startStop-1:2363 ]-[ INFO ] Mapped "{[/summary/area/day]}" onto public com.universe.soda.utils.Status com.universe.soda.system.controller.SummaryController.dayArea(java.lang.String,java.lang.String)  
2017-03-17 19:48:32 [localhost-startStop-1:2364 ]-[ INFO ] Mapped "{[/summary/point/day]}" onto public com.universe.soda.utils.Status com.universe.soda.system.controller.SummaryController.dayPoint(java.lang.String,java.lang.String,java.lang.String)  
2017-03-17 19:48:32 [localhost-startStop-1:2364 ]-[ INFO ] Mapped "{[/summary/area/period]}" onto public com.universe.soda.utils.Status com.universe.soda.system.controller.SummaryController.periodArea(java.lang.String,java.lang.String,java.lang.String)  
2017-03-17 19:48:32 [localhost-startStop-1:2364 ]-[ INFO ] Mapped "{[/summary/point/period]}" onto public com.universe.soda.utils.Status com.universe.soda.system.controller.SummaryController.periodPoint(java.lang.String,java.lang.String,java.lang.String,java.lang.String)  
2017-03-17 19:48:32 [localhost-startStop-1:2365 ]-[ INFO ] Mapped "{[/exception/day]}" onto public com.universe.soda.utils.Status com.universe.soda.system.controller.ExceptionController.dayException(java.lang.String)  
2017-03-17 19:48:32 [localhost-startStop-1:2365 ]-[ INFO ] Mapped "{[/exception/period]}" onto public com.universe.soda.utils.Status com.universe.soda.system.controller.ExceptionController.dayException(java.lang.String,java.lang.String)  
2017-03-17 19:48:32 [localhost-startStop-1:2367 ]-[ INFO ] Mapped "{[/data/runData]}" onto public com.universe.soda.utils.Status com.universe.soda.data.controller.SysDataController.runData() throws java.lang.Exception  
2017-03-17 19:48:32 [localhost-startStop-1:2367 ]-[ INFO ] Mapped "{[/data/runDataFromDate]}" onto public com.universe.soda.utils.Status com.universe.soda.data.controller.SysDataController.runDataFromDate(java.lang.String) throws java.lang.Exception  
2017-03-17 19:48:32 [localhost-startStop-1:2367 ]-[ INFO ] Mapped "{[/re15/run]}" onto public com.universe.soda.utils.Status com.universe.soda.re15.common.Re15Controller.test() throws java.lang.Exception  
2017-03-17 19:48:32 [localhost-startStop-1:2372 ]-[ INFO ] Looking for @ControllerAdvice: WebApplicationContext for namespace 'soda-servlet': startup date [Fri Mar 17 19:48:31 CST 2017]; parent: Root WebApplicationContext  
2017-03-17 19:48:32 [localhost-startStop-1:2440 ]-[ INFO ] FrameworkServlet 'soda': initialization completed in 908 ms  
2017-03-17 19:48:37 [localhost-startStop-1:0 ]-[ INFO ] Root WebApplicationContext: initialization started  
2017-03-17 19:48:37 [localhost-startStop-1:76 ]-[ INFO ] Refreshing Root WebApplicationContext: startup date [Fri Mar 17 19:48:37 CST 2017]; root of context hierarchy  
2017-03-17 19:48:37 [localhost-startStop-1:113 ]-[ INFO ] Loading XML bean definitions from class path resource [spring-config.xml]  
2017-03-17 19:48:37 [localhost-startStop-1:369 ]-[ INFO ] Loading properties file from class path resource [jdbc.properties]  
2017-03-17 19:48:38 [localhost-startStop-1:716 ]-[ INFO ] {dataSource-1} inited  
2017-03-17 19:48:38 [localhost-startStop-1:923 ]-[ INFO ] Initializing EhCache CacheManager  
2017-03-17 19:48:38 [localhost-startStop-1:1041 ]-[ WARN ] diskStorePath '/srv/tomcat8/temp' is already used by an existing CacheManager either in the same VM or in a different process.
The diskStore path for this CacheManager will be set to /srv/tomcat8/temp/ehcache_auto_created289762044788988173diskstore.
To avoid this warning consider using the CacheManager factory methods to create a singleton CacheManager or specifying a separate ehcache configuration (ehcache.xml) for each CacheManager instance.  
2017-03-17 19:48:38 [localhost-startStop-1:1042 ]-[ WARN ] Data in persistent disk stores is ignored for stores from automatically created directories.
Remove diskPersistent or resolve the conflicting disk paths in cache configuration.
Deleting data file /srv/tomcat8/temp/ehcache_auto_created289762044788988173diskstore/soda.data  
2017-03-17 19:48:38 [localhost-startStop-1:1179 ]-[ INFO ] Root WebApplicationContext: initialization completed in 1178 ms  
