2017-04-29 21:07:00 [localhost-startStop-1:1708 ]-[ INFO ] FrameworkServlet 'soda': initialization started  
2017-04-29 21:07:00 [localhost-startStop-1:1711 ]-[ INFO ] Refreshing WebApplicationContext for namespace 'soda-servlet': startup date [Sat Apr 29 21:07:00 CST 2017]; parent: Root WebApplicationContext  
2017-04-29 21:07:00 [localhost-startStop-1:1711 ]-[ INFO ] Loading XML bean definitions from class path resource [spring-mvc.xml]  
2017-04-29 21:07:00 [localhost-startStop-1:1969 ]-[ INFO ] Mapped "{[/alarm/day]}" onto public com.universe.soda.utils.Status com.universe.soda.system.controller.AlarmController.dayAlarm(java.lang.String)  
2017-04-29 21:07:00 [localhost-startStop-1:1970 ]-[ INFO ] Mapped "{[/alarm/peroid]}" onto public com.universe.soda.utils.Status com.universe.soda.system.controller.AlarmController.peroidAlarm(java.lang.String,java.lang.String)  
2017-04-29 21:07:00 [localhost-startStop-1:1972 ]-[ INFO ] Mapped "{[/system/volcano],methods=[GET]}" onto public com.universe.soda.utils.Status com.universe.soda.system.controller.SystemController.volcano(java.lang.String,int,int)  
2017-04-29 21:07:00 [localhost-startStop-1:1972 ]-[ INFO ] Mapped "{[/system/periodCurve],methods=[GET]}" onto public com.universe.soda.utils.Status com.universe.soda.system.controller.SystemController.weekState(double,double,int,java.lang.String,java.lang.String)  
2017-04-29 21:07:00 [localhost-startStop-1:1972 ]-[ INFO ] Mapped "{[/system/dayCurve],methods=[GET]}" onto public com.universe.soda.utils.Status com.universe.soda.system.controller.SystemController.dayState(double,double,int,java.lang.String)  
2017-04-29 21:07:00 [localhost-startStop-1:1972 ]-[ INFO ] Mapped "{[/system/blackhole],methods=[GET]}" onto public com.universe.soda.utils.Status com.universe.soda.system.controller.SystemController.blackhole(java.lang.String,int,int)  
2017-04-29 21:07:00 [localhost-startStop-1:1976 ]-[ INFO ] Mapped "{[/summary/area/day]}" onto public com.universe.soda.utils.Status com.universe.soda.system.controller.SummaryController.dayArea(java.lang.String,java.lang.String)  
2017-04-29 21:07:00 [localhost-startStop-1:1976 ]-[ INFO ] Mapped "{[/summary/point/day]}" onto public com.universe.soda.utils.Status com.universe.soda.system.controller.SummaryController.dayPoint(java.lang.String,java.lang.String,java.lang.String)  
2017-04-29 21:07:00 [localhost-startStop-1:1976 ]-[ INFO ] Mapped "{[/summary/area/period]}" onto public com.universe.soda.utils.Status com.universe.soda.system.controller.SummaryController.periodArea(java.lang.String,java.lang.String,java.lang.String)  
2017-04-29 21:07:00 [localhost-startStop-1:1976 ]-[ INFO ] Mapped "{[/summary/point/period]}" onto public com.universe.soda.utils.Status com.universe.soda.system.controller.SummaryController.periodPoint(java.lang.String,java.lang.String,java.lang.String,java.lang.String)  
2017-04-29 21:07:00 [localhost-startStop-1:1977 ]-[ INFO ] Mapped "{[/exception/day]}" onto public com.universe.soda.utils.Status com.universe.soda.system.controller.ExceptionController.dayException(java.lang.String)  
2017-04-29 21:07:00 [localhost-startStop-1:1977 ]-[ INFO ] Mapped "{[/exception/period]}" onto public com.universe.soda.utils.Status com.universe.soda.system.controller.ExceptionController.dayException(java.lang.String,java.lang.String)  
2017-04-29 21:07:00 [localhost-startStop-1:1979 ]-[ INFO ] Mapped "{[/data/runData]}" onto public com.universe.soda.utils.Status com.universe.soda.data.controller.SysDataController.runData() throws java.lang.Exception  
2017-04-29 21:07:00 [localhost-startStop-1:1979 ]-[ INFO ] Mapped "{[/data/runDataFromDate]}" onto public com.universe.soda.utils.Status com.universe.soda.data.controller.SysDataController.runDataFromDate(java.lang.String) throws java.lang.Exception  
2017-04-29 21:07:00 [localhost-startStop-1:1980 ]-[ INFO ] Mapped "{[/re15/run]}" onto public com.universe.soda.utils.Status com.universe.soda.re15.common.Re15Controller.test() throws java.lang.Exception  
2017-04-29 21:07:00 [localhost-startStop-1:2182 ]-[ INFO ] Looking for @ControllerAdvice: WebApplicationContext for namespace 'soda-servlet': startup date [Sat Apr 29 21:07:00 CST 2017]; parent: Root WebApplicationContext  
2017-04-29 21:07:00 [localhost-startStop-1:2237 ]-[ INFO ] Looking for @ControllerAdvice: WebApplicationContext for namespace 'soda-servlet': startup date [Sat Apr 29 21:07:00 CST 2017]; parent: Root WebApplicationContext  
2017-04-29 21:07:00 [localhost-startStop-1:2279 ]-[ INFO ] Mapped URL path [/**] onto handler 'org.springframework.web.servlet.resource.ResourceHttpRequestHandler#0'  
2017-04-29 21:07:00 [localhost-startStop-1:2293 ]-[ INFO ] Mapped "{[/alarm/day]}" onto public com.universe.soda.utils.Status com.universe.soda.system.controller.AlarmController.dayAlarm(java.lang.String)  
2017-04-29 21:07:00 [localhost-startStop-1:2293 ]-[ INFO ] Mapped "{[/alarm/peroid]}" onto public com.universe.soda.utils.Status com.universe.soda.system.controller.AlarmController.peroidAlarm(java.lang.String,java.lang.String)  
2017-04-29 21:07:00 [localhost-startStop-1:2295 ]-[ INFO ] Mapped "{[/system/volcano],methods=[GET]}" onto public com.universe.soda.utils.Status com.universe.soda.system.controller.SystemController.volcano(java.lang.String,int,int)  
2017-04-29 21:07:00 [localhost-startStop-1:2295 ]-[ INFO ] Mapped "{[/system/periodCurve],methods=[GET]}" onto public com.universe.soda.utils.Status com.universe.soda.system.controller.SystemController.weekState(double,double,int,java.lang.String,java.lang.String)  
2017-04-29 21:07:00 [localhost-startStop-1:2295 ]-[ INFO ] Mapped "{[/system/dayCurve],methods=[GET]}" onto public com.universe.soda.utils.Status com.universe.soda.system.controller.SystemController.dayState(double,double,int,java.lang.String)  
2017-04-29 21:07:00 [localhost-startStop-1:2295 ]-[ INFO ] Mapped "{[/system/blackhole],methods=[GET]}" onto public com.universe.soda.utils.Status com.universe.soda.system.controller.SystemController.blackhole(java.lang.String,int,int)  
2017-04-29 21:07:00 [localhost-startStop-1:2296 ]-[ INFO ] Mapped "{[/summary/area/day]}" onto public com.universe.soda.utils.Status com.universe.soda.system.controller.SummaryController.dayArea(java.lang.String,java.lang.String)  
2017-04-29 21:07:00 [localhost-startStop-1:2296 ]-[ INFO ] Mapped "{[/summary/point/day]}" onto public com.universe.soda.utils.Status com.universe.soda.system.controller.SummaryController.dayPoint(java.lang.String,java.lang.String,java.lang.String)  
2017-04-29 21:07:00 [localhost-startStop-1:2297 ]-[ INFO ] Mapped "{[/summary/area/period]}" onto public com.universe.soda.utils.Status com.universe.soda.system.controller.SummaryController.periodArea(java.lang.String,java.lang.String,java.lang.String)  
2017-04-29 21:07:00 [localhost-startStop-1:2297 ]-[ INFO ] Mapped "{[/summary/point/period]}" onto public com.universe.soda.utils.Status com.universe.soda.system.controller.SummaryController.periodPoint(java.lang.String,java.lang.String,java.lang.String,java.lang.String)  
2017-04-29 21:07:00 [localhost-startStop-1:2298 ]-[ INFO ] Mapped "{[/exception/day]}" onto public com.universe.soda.utils.Status com.universe.soda.system.controller.ExceptionController.dayException(java.lang.String)  
2017-04-29 21:07:00 [localhost-startStop-1:2298 ]-[ INFO ] Mapped "{[/exception/period]}" onto public com.universe.soda.utils.Status com.universe.soda.system.controller.ExceptionController.dayException(java.lang.String,java.lang.String)  
2017-04-29 21:07:00 [localhost-startStop-1:2299 ]-[ INFO ] Mapped "{[/data/runData]}" onto public com.universe.soda.utils.Status com.universe.soda.data.controller.SysDataController.runData() throws java.lang.Exception  
2017-04-29 21:07:00 [localhost-startStop-1:2299 ]-[ INFO ] Mapped "{[/data/runDataFromDate]}" onto public com.universe.soda.utils.Status com.universe.soda.data.controller.SysDataController.runDataFromDate(java.lang.String) throws java.lang.Exception  
2017-04-29 21:07:00 [localhost-startStop-1:2299 ]-[ INFO ] Mapped "{[/re15/run]}" onto public com.universe.soda.utils.Status com.universe.soda.re15.common.Re15Controller.test() throws java.lang.Exception  
2017-04-29 21:07:00 [localhost-startStop-1:2303 ]-[ INFO ] Looking for @ControllerAdvice: WebApplicationContext for namespace 'soda-servlet': startup date [Sat Apr 29 21:07:00 CST 2017]; parent: Root WebApplicationContext  
2017-04-29 21:07:00 [localhost-startStop-1:2344 ]-[ INFO ] FrameworkServlet 'soda': initialization completed in 636 ms  
2017-04-29 21:07:02 [localhost-startStop-1:0 ]-[ INFO ] Root WebApplicationContext: initialization started  
2017-04-29 21:07:02 [localhost-startStop-1:78 ]-[ INFO ] Refreshing Root WebApplicationContext: startup date [Sat Apr 29 21:07:02 CST 2017]; root of context hierarchy  
2017-04-29 21:07:02 [localhost-startStop-1:112 ]-[ INFO ] Loading XML bean definitions from class path resource [spring-config.xml]  
2017-04-29 21:07:02 [localhost-startStop-1:476 ]-[ INFO ] Loading properties file from class path resource [jdbc.properties]  
2017-04-29 21:07:02 [localhost-startStop-1:878 ]-[ INFO ] {dataSource-1} inited  
2017-04-29 21:07:03 [localhost-startStop-1:1218 ]-[ INFO ] Initializing EhCache CacheManager  
2017-04-29 21:07:03 [localhost-startStop-1:1317 ]-[ WARN ] diskStorePath '/srv/tomcat8/temp' is already used by an existing CacheManager either in the same VM or in a different process.
The diskStore path for this CacheManager will be set to /srv/tomcat8/temp/ehcache_auto_created462809299699695641diskstore.
To avoid this warning consider using the CacheManager factory methods to create a singleton CacheManager or specifying a separate ehcache configuration (ehcache.xml) for each CacheManager instance.  
2017-04-29 21:07:03 [localhost-startStop-1:1318 ]-[ WARN ] Data in persistent disk stores is ignored for stores from automatically created directories.
Remove diskPersistent or resolve the conflicting disk paths in cache configuration.
Deleting data file /srv/tomcat8/temp/ehcache_auto_created462809299699695641diskstore/soda.data  
2017-04-29 21:07:03 [localhost-startStop-1:1495 ]-[ INFO ] Root WebApplicationContext: initialization completed in 1494 ms  
2017-04-29 21:15:20 [localhost-startStop-2:501968 ]-[ INFO ] Closing WebApplicationContext for namespace 'soda-servlet': startup date [Sat Apr 29 21:07:00 CST 2017]; parent: Root WebApplicationContext  
2017-04-29 21:16:33 [localhost-startStop-1:41161 ]-[ INFO ] FrameworkServlet 'soda': initialization started  
2017-04-29 21:16:33 [localhost-startStop-1:41164 ]-[ INFO ] Refreshing WebApplicationContext for namespace 'soda-servlet': startup date [Sat Apr 29 21:16:33 CST 2017]; parent: Root WebApplicationContext  
2017-04-29 21:16:33 [localhost-startStop-1:41164 ]-[ INFO ] Loading XML bean definitions from class path resource [spring-mvc.xml]  
2017-04-29 21:16:33 [localhost-startStop-1:41728 ]-[ INFO ] Mapped "{[/alarm/day]}" onto public com.universe.soda.utils.Status com.universe.soda.system.controller.AlarmController.dayAlarm(java.lang.String)  
2017-04-29 21:16:33 [localhost-startStop-1:41729 ]-[ INFO ] Mapped "{[/alarm/peroid]}" onto public com.universe.soda.utils.Status com.universe.soda.system.controller.AlarmController.peroidAlarm(java.lang.String,java.lang.String)  
2017-04-29 21:16:33 [localhost-startStop-1:41732 ]-[ INFO ] Mapped "{[/system/periodCurve],methods=[GET]}" onto public com.universe.soda.utils.Status com.universe.soda.system.controller.SystemController.weekState(double,double,int,java.lang.String,java.lang.String)  
2017-04-29 21:16:33 [localhost-startStop-1:41733 ]-[ INFO ] Mapped "{[/system/volcano],methods=[GET]}" onto public com.universe.soda.utils.Status com.universe.soda.system.controller.SystemController.volcano(java.lang.String,int,int)  
2017-04-29 21:16:33 [localhost-startStop-1:41739 ]-[ INFO ] Mapped "{[/system/blackhole],methods=[GET]}" onto public com.universe.soda.utils.Status com.universe.soda.system.controller.SystemController.blackhole(java.lang.String,int,int)  
2017-04-29 21:16:33 [localhost-startStop-1:41739 ]-[ INFO ] Mapped "{[/system/dayCurve],methods=[GET]}" onto public com.universe.soda.utils.Status com.universe.soda.system.controller.SystemController.dayState(double,double,int,java.lang.String)  
2017-04-29 21:16:33 [localhost-startStop-1:41743 ]-[ INFO ] Mapped "{[/summary/point/period]}" onto public com.universe.soda.utils.Status com.universe.soda.system.controller.SummaryController.periodPoint(java.lang.String,java.lang.String,java.lang.String,java.lang.String)  
2017-04-29 21:16:33 [localhost-startStop-1:41743 ]-[ INFO ] Mapped "{[/summary/area/day]}" onto public com.universe.soda.utils.Status com.universe.soda.system.controller.SummaryController.dayArea(java.lang.String,java.lang.String)  
2017-04-29 21:16:33 [localhost-startStop-1:41743 ]-[ INFO ] Mapped "{[/summary/point/day]}" onto public com.universe.soda.utils.Status com.universe.soda.system.controller.SummaryController.dayPoint(java.lang.String,java.lang.String,java.lang.String)  
2017-04-29 21:16:33 [localhost-startStop-1:41743 ]-[ INFO ] Mapped "{[/summary/area/period]}" onto public com.universe.soda.utils.Status com.universe.soda.system.controller.SummaryController.periodArea(java.lang.String,java.lang.String,java.lang.String)  
2017-04-29 21:16:33 [localhost-startStop-1:41744 ]-[ INFO ] Mapped "{[/exception/day]}" onto public com.universe.soda.utils.Status com.universe.soda.system.controller.ExceptionController.dayException(java.lang.String)  
2017-04-29 21:16:33 [localhost-startStop-1:41745 ]-[ INFO ] Mapped "{[/exception/period]}" onto public com.universe.soda.utils.Status com.universe.soda.system.controller.ExceptionController.dayException(java.lang.String,java.lang.String)  
2017-04-29 21:16:33 [localhost-startStop-1:41752 ]-[ INFO ] Mapped "{[/data/runData]}" onto public com.universe.soda.utils.Status com.universe.soda.data.controller.SysDataController.runData() throws java.lang.Exception  
2017-04-29 21:16:33 [localhost-startStop-1:41753 ]-[ INFO ] Mapped "{[/data/runDataFromDate]}" onto public com.universe.soda.utils.Status com.universe.soda.data.controller.SysDataController.runDataFromDate(java.lang.String) throws java.lang.Exception  
2017-04-29 21:16:33 [localhost-startStop-1:41755 ]-[ INFO ] Mapped "{[/re15/run]}" onto public com.universe.soda.utils.Status com.universe.soda.re15.common.Re15Controller.test() throws java.lang.Exception  
2017-04-29 21:16:34 [localhost-startStop-1:42033 ]-[ INFO ] Looking for @ControllerAdvice: WebApplicationContext for namespace 'soda-servlet': startup date [Sat Apr 29 21:16:33 CST 2017]; parent: Root WebApplicationContext  
2017-04-29 21:16:34 [localhost-startStop-1:42092 ]-[ INFO ] Looking for @ControllerAdvice: WebApplicationContext for namespace 'soda-servlet': startup date [Sat Apr 29 21:16:33 CST 2017]; parent: Root WebApplicationContext  
2017-04-29 21:16:34 [localhost-startStop-1:42170 ]-[ INFO ] Mapped URL path [/**] onto handler 'org.springframework.web.servlet.resource.ResourceHttpRequestHandler#0'  
2017-04-29 21:16:34 [localhost-startStop-1:42195 ]-[ INFO ] Mapped "{[/alarm/day]}" onto public com.universe.soda.utils.Status com.universe.soda.system.controller.AlarmController.dayAlarm(java.lang.String)  
2017-04-29 21:16:34 [localhost-startStop-1:42195 ]-[ INFO ] Mapped "{[/alarm/peroid]}" onto public com.universe.soda.utils.Status com.universe.soda.system.controller.AlarmController.peroidAlarm(java.lang.String,java.lang.String)  
2017-04-29 21:16:34 [localhost-startStop-1:42200 ]-[ INFO ] Mapped "{[/system/periodCurve],methods=[GET]}" onto public com.universe.soda.utils.Status com.universe.soda.system.controller.SystemController.weekState(double,double,int,java.lang.String,java.lang.String)  
2017-04-29 21:16:34 [localhost-startStop-1:42203 ]-[ INFO ] Mapped "{[/system/volcano],methods=[GET]}" onto public com.universe.soda.utils.Status com.universe.soda.system.controller.SystemController.volcano(java.lang.String,int,int)  
2017-04-29 21:16:34 [localhost-startStop-1:42203 ]-[ INFO ] Mapped "{[/system/blackhole],methods=[GET]}" onto public com.universe.soda.utils.Status com.universe.soda.system.controller.SystemController.blackhole(java.lang.String,int,int)  
2017-04-29 21:16:34 [localhost-startStop-1:42203 ]-[ INFO ] Mapped "{[/system/dayCurve],methods=[GET]}" onto public com.universe.soda.utils.Status com.universe.soda.system.controller.SystemController.dayState(double,double,int,java.lang.String)  
2017-04-29 21:16:34 [localhost-startStop-1:42205 ]-[ INFO ] Mapped "{[/summary/point/period]}" onto public com.universe.soda.utils.Status com.universe.soda.system.controller.SummaryController.periodPoint(java.lang.String,java.lang.String,java.lang.String,java.lang.String)  
2017-04-29 21:16:34 [localhost-startStop-1:42207 ]-[ INFO ] Mapped "{[/summary/area/day]}" onto public com.universe.soda.utils.Status com.universe.soda.system.controller.SummaryController.dayArea(java.lang.String,java.lang.String)  
2017-04-29 21:16:34 [localhost-startStop-1:42207 ]-[ INFO ] Mapped "{[/summary/point/day]}" onto public com.universe.soda.utils.Status com.universe.soda.system.controller.SummaryController.dayPoint(java.lang.String,java.lang.String,java.lang.String)  
2017-04-29 21:16:34 [localhost-startStop-1:42208 ]-[ INFO ] Mapped "{[/summary/area/period]}" onto public com.universe.soda.utils.Status com.universe.soda.system.controller.SummaryController.periodArea(java.lang.String,java.lang.String,java.lang.String)  
2017-04-29 21:16:34 [localhost-startStop-1:42211 ]-[ INFO ] Mapped "{[/exception/day]}" onto public com.universe.soda.utils.Status com.universe.soda.system.controller.ExceptionController.dayException(java.lang.String)  
2017-04-29 21:16:34 [localhost-startStop-1:42211 ]-[ INFO ] Mapped "{[/exception/period]}" onto public com.universe.soda.utils.Status com.universe.soda.system.controller.ExceptionController.dayException(java.lang.String,java.lang.String)  
2017-04-29 21:16:34 [localhost-startStop-1:42212 ]-[ INFO ] Mapped "{[/data/runData]}" onto public com.universe.soda.utils.Status com.universe.soda.data.controller.SysDataController.runData() throws java.lang.Exception  
2017-04-29 21:16:34 [localhost-startStop-1:42212 ]-[ INFO ] Mapped "{[/data/runDataFromDate]}" onto public com.universe.soda.utils.Status com.universe.soda.data.controller.SysDataController.runDataFromDate(java.lang.String) throws java.lang.Exception  
2017-04-29 21:16:34 [localhost-startStop-1:42213 ]-[ INFO ] Mapped "{[/re15/run]}" onto public com.universe.soda.utils.Status com.universe.soda.re15.common.Re15Controller.test() throws java.lang.Exception  
2017-04-29 21:16:34 [localhost-startStop-1:42220 ]-[ INFO ] Looking for @ControllerAdvice: WebApplicationContext for namespace 'soda-servlet': startup date [Sat Apr 29 21:16:33 CST 2017]; parent: Root WebApplicationContext  
2017-04-29 21:16:34 [localhost-startStop-1:42292 ]-[ INFO ] FrameworkServlet 'soda': initialization completed in 1131 ms  
2017-04-29 21:16:41 [localhost-startStop-1:0 ]-[ INFO ] Root WebApplicationContext: initialization started  
2017-04-29 21:16:41 [localhost-startStop-1:71 ]-[ INFO ] Refreshing Root WebApplicationContext: startup date [Sat Apr 29 21:16:41 CST 2017]; root of context hierarchy  
2017-04-29 21:16:41 [localhost-startStop-1:106 ]-[ INFO ] Loading XML bean definitions from class path resource [spring-config.xml]  
2017-04-29 21:16:41 [localhost-startStop-1:374 ]-[ INFO ] Loading properties file from class path resource [jdbc.properties]  
2017-04-29 21:16:41 [localhost-startStop-1:719 ]-[ INFO ] {dataSource-1} inited  
2017-04-29 21:16:42 [localhost-startStop-1:968 ]-[ INFO ] Initializing EhCache CacheManager  
2017-04-29 21:16:42 [localhost-startStop-1:1078 ]-[ WARN ] diskStorePath '/srv/tomcat8/temp' is already used by an existing CacheManager either in the same VM or in a different process.
The diskStore path for this CacheManager will be set to /srv/tomcat8/temp/ehcache_auto_created7049039296210673687diskstore.
To avoid this warning consider using the CacheManager factory methods to create a singleton CacheManager or specifying a separate ehcache configuration (ehcache.xml) for each CacheManager instance.  
2017-04-29 21:16:42 [localhost-startStop-1:1080 ]-[ WARN ] Data in persistent disk stores is ignored for stores from automatically created directories.
Remove diskPersistent or resolve the conflicting disk paths in cache configuration.
Deleting data file /srv/tomcat8/temp/ehcache_auto_created7049039296210673687diskstore/soda.data  
2017-04-29 21:16:42 [localhost-startStop-1:1236 ]-[ INFO ] Root WebApplicationContext: initialization completed in 1235 ms  
2017-04-29 21:16:55 [localhost-startStop-2:63113 ]-[ INFO ] Closing WebApplicationContext for namespace 'soda-servlet': startup date [Sat Apr 29 21:16:33 CST 2017]; parent: Root WebApplicationContext  
2017-04-29 21:22:45 [localhost-startStop-1:1135 ]-[ INFO ] FrameworkServlet 'soda': initialization started  
2017-04-29 21:22:45 [localhost-startStop-1:1138 ]-[ INFO ] Refreshing WebApplicationContext for namespace 'soda-servlet': startup date [Sat Apr 29 21:22:45 CST 2017]; parent: Root WebApplicationContext  
2017-04-29 21:22:45 [localhost-startStop-1:1144 ]-[ INFO ] Loading XML bean definitions from class path resource [spring-mvc.xml]  
2017-04-29 21:22:46 [localhost-startStop-1:1513 ]-[ INFO ] Mapped "{[/alarm/day]}" onto public com.universe.soda.utils.Status com.universe.soda.system.controller.AlarmController.dayAlarm(java.lang.String)  
2017-04-29 21:22:46 [localhost-startStop-1:1514 ]-[ INFO ] Mapped "{[/alarm/peroid]}" onto public com.universe.soda.utils.Status com.universe.soda.system.controller.AlarmController.peroidAlarm(java.lang.String,java.lang.String)  
2017-04-29 21:22:46 [localhost-startStop-1:1516 ]-[ INFO ] Mapped "{[/system/dayCurve],methods=[GET]}" onto public com.universe.soda.utils.Status com.universe.soda.system.controller.SystemController.dayState(double,double,int,java.lang.String)  
2017-04-29 21:22:46 [localhost-startStop-1:1516 ]-[ INFO ] Mapped "{[/system/blackhole],methods=[GET]}" onto public com.universe.soda.utils.Status com.universe.soda.system.controller.SystemController.blackhole(java.lang.String,int,int)  
2017-04-29 21:22:46 [localhost-startStop-1:1516 ]-[ INFO ] Mapped "{[/system/volcano],methods=[GET]}" onto public com.universe.soda.utils.Status com.universe.soda.system.controller.SystemController.volcano(java.lang.String,int,int)  
2017-04-29 21:22:46 [localhost-startStop-1:1517 ]-[ INFO ] Mapped "{[/system/periodCurve],methods=[GET]}" onto public com.universe.soda.utils.Status com.universe.soda.system.controller.SystemController.weekState(double,double,int,java.lang.String,java.lang.String)  
2017-04-29 21:22:46 [localhost-startStop-1:1520 ]-[ INFO ] Mapped "{[/summary/area/day]}" onto public com.universe.soda.utils.Status com.universe.soda.system.controller.SummaryController.dayArea(java.lang.String,java.lang.String)  
2017-04-29 21:22:46 [localhost-startStop-1:1520 ]-[ INFO ] Mapped "{[/summary/point/day]}" onto public com.universe.soda.utils.Status com.universe.soda.system.controller.SummaryController.dayPoint(java.lang.String,java.lang.String,java.lang.String)  
2017-04-29 21:22:46 [localhost-startStop-1:1520 ]-[ INFO ] Mapped "{[/summary/area/period]}" onto public com.universe.soda.utils.Status com.universe.soda.system.controller.SummaryController.periodArea(java.lang.String,java.lang.String,java.lang.String)  
2017-04-29 21:22:46 [localhost-startStop-1:1520 ]-[ INFO ] Mapped "{[/summary/point/period]}" onto public com.universe.soda.utils.Status com.universe.soda.system.controller.SummaryController.periodPoint(java.lang.String,java.lang.String,java.lang.String,java.lang.String)  
2017-04-29 21:22:46 [localhost-startStop-1:1521 ]-[ INFO ] Mapped "{[/exception/day]}" onto public com.universe.soda.utils.Status com.universe.soda.system.controller.ExceptionController.dayException(java.lang.String)  
2017-04-29 21:22:46 [localhost-startStop-1:1522 ]-[ INFO ] Mapped "{[/exception/period]}" onto public com.universe.soda.utils.Status com.universe.soda.system.controller.ExceptionController.dayException(java.lang.String,java.lang.String)  
2017-04-29 21:22:46 [localhost-startStop-1:1523 ]-[ INFO ] Mapped "{[/data/runData]}" onto public com.universe.soda.utils.Status com.universe.soda.data.controller.SysDataController.runData() throws java.lang.Exception  
2017-04-29 21:22:46 [localhost-startStop-1:1524 ]-[ INFO ] Mapped "{[/data/runDataFromDate]}" onto public com.universe.soda.utils.Status com.universe.soda.data.controller.SysDataController.runDataFromDate(java.lang.String) throws java.lang.Exception  
2017-04-29 21:22:46 [localhost-startStop-1:1524 ]-[ INFO ] Mapped "{[/re15/run]}" onto public com.universe.soda.utils.Status com.universe.soda.re15.common.Re15Controller.test() throws java.lang.Exception  
2017-04-29 21:22:46 [localhost-startStop-1:1731 ]-[ INFO ] Looking for @ControllerAdvice: WebApplicationContext for namespace 'soda-servlet': startup date [Sat Apr 29 21:22:45 CST 2017]; parent: Root WebApplicationContext  
2017-04-29 21:22:46 [localhost-startStop-1:1769 ]-[ INFO ] Looking for @ControllerAdvice: WebApplicationContext for namespace 'soda-servlet': startup date [Sat Apr 29 21:22:45 CST 2017]; parent: Root WebApplicationContext  
2017-04-29 21:22:46 [localhost-startStop-1:1810 ]-[ INFO ] Mapped URL path [/**] onto handler 'org.springframework.web.servlet.resource.ResourceHttpRequestHandler#0'  
2017-04-29 21:22:46 [localhost-startStop-1:1824 ]-[ INFO ] Mapped "{[/alarm/day]}" onto public com.universe.soda.utils.Status com.universe.soda.system.controller.AlarmController.dayAlarm(java.lang.String)  
2017-04-29 21:22:46 [localhost-startStop-1:1825 ]-[ INFO ] Mapped "{[/alarm/peroid]}" onto public com.universe.soda.utils.Status com.universe.soda.system.controller.AlarmController.peroidAlarm(java.lang.String,java.lang.String)  
2017-04-29 21:22:46 [localhost-startStop-1:1826 ]-[ INFO ] Mapped "{[/system/dayCurve],methods=[GET]}" onto public com.universe.soda.utils.Status com.universe.soda.system.controller.SystemController.dayState(double,double,int,java.lang.String)  
2017-04-29 21:22:46 [localhost-startStop-1:1826 ]-[ INFO ] Mapped "{[/system/blackhole],methods=[GET]}" onto public com.universe.soda.utils.Status com.universe.soda.system.controller.SystemController.blackhole(java.lang.String,int,int)  
2017-04-29 21:22:46 [localhost-startStop-1:1826 ]-[ INFO ] Mapped "{[/system/volcano],methods=[GET]}" onto public com.universe.soda.utils.Status com.universe.soda.system.controller.SystemController.volcano(java.lang.String,int,int)  
2017-04-29 21:22:46 [localhost-startStop-1:1826 ]-[ INFO ] Mapped "{[/system/periodCurve],methods=[GET]}" onto public com.universe.soda.utils.Status com.universe.soda.system.controller.SystemController.weekState(double,double,int,java.lang.String,java.lang.String)  
2017-04-29 21:22:46 [localhost-startStop-1:1828 ]-[ INFO ] Mapped "{[/summary/area/day]}" onto public com.universe.soda.utils.Status com.universe.soda.system.controller.SummaryController.dayArea(java.lang.String,java.lang.String)  
2017-04-29 21:22:46 [localhost-startStop-1:1828 ]-[ INFO ] Mapped "{[/summary/point/day]}" onto public com.universe.soda.utils.Status com.universe.soda.system.controller.SummaryController.dayPoint(java.lang.String,java.lang.String,java.lang.String)  
2017-04-29 21:22:46 [localhost-startStop-1:1828 ]-[ INFO ] Mapped "{[/summary/area/period]}" onto public com.universe.soda.utils.Status com.universe.soda.system.controller.SummaryController.periodArea(java.lang.String,java.lang.String,java.lang.String)  
2017-04-29 21:22:46 [localhost-startStop-1:1828 ]-[ INFO ] Mapped "{[/summary/point/period]}" onto public com.universe.soda.utils.Status com.universe.soda.system.controller.SummaryController.periodPoint(java.lang.String,java.lang.String,java.lang.String,java.lang.String)  
2017-04-29 21:22:46 [localhost-startStop-1:1829 ]-[ INFO ] Mapped "{[/exception/day]}" onto public com.universe.soda.utils.Status com.universe.soda.system.controller.ExceptionController.dayException(java.lang.String)  
2017-04-29 21:22:46 [localhost-startStop-1:1829 ]-[ INFO ] Mapped "{[/exception/period]}" onto public com.universe.soda.utils.Status com.universe.soda.system.controller.ExceptionController.dayException(java.lang.String,java.lang.String)  
2017-04-29 21:22:46 [localhost-startStop-1:1830 ]-[ INFO ] Mapped "{[/data/runData]}" onto public com.universe.soda.utils.Status com.universe.soda.data.controller.SysDataController.runData() throws java.lang.Exception  
2017-04-29 21:22:46 [localhost-startStop-1:1830 ]-[ INFO ] Mapped "{[/data/runDataFromDate]}" onto public com.universe.soda.utils.Status com.universe.soda.data.controller.SysDataController.runDataFromDate(java.lang.String) throws java.lang.Exception  
2017-04-29 21:22:46 [localhost-startStop-1:1831 ]-[ INFO ] Mapped "{[/re15/run]}" onto public com.universe.soda.utils.Status com.universe.soda.re15.common.Re15Controller.test() throws java.lang.Exception  
2017-04-29 21:22:46 [localhost-startStop-1:1835 ]-[ INFO ] Looking for @ControllerAdvice: WebApplicationContext for namespace 'soda-servlet': startup date [Sat Apr 29 21:22:45 CST 2017]; parent: Root WebApplicationContext  
2017-04-29 21:22:46 [localhost-startStop-1:1893 ]-[ INFO ] FrameworkServlet 'soda': initialization completed in 758 ms  
2017-04-29 21:22:48 [localhost-startStop-1:0 ]-[ INFO ] Root WebApplicationContext: initialization started  
2017-04-29 21:22:48 [localhost-startStop-1:79 ]-[ INFO ] Refreshing Root WebApplicationContext: startup date [Sat Apr 29 21:22:48 CST 2017]; root of context hierarchy  
2017-04-29 21:22:48 [localhost-startStop-1:114 ]-[ INFO ] Loading XML bean definitions from class path resource [spring-config.xml]  
2017-04-29 21:22:48 [localhost-startStop-1:394 ]-[ INFO ] Loading properties file from class path resource [jdbc.properties]  
2017-04-29 21:22:49 [localhost-startStop-1:806 ]-[ INFO ] {dataSource-1} inited  
2017-04-29 21:22:49 [localhost-startStop-1:1025 ]-[ INFO ] Initializing EhCache CacheManager  
2017-04-29 21:22:49 [localhost-startStop-1:1136 ]-[ WARN ] diskStorePath '/srv/tomcat8/temp' is already used by an existing CacheManager either in the same VM or in a different process.
The diskStore path for this CacheManager will be set to /srv/tomcat8/temp/ehcache_auto_created8364437134690900876diskstore.
To avoid this warning consider using the CacheManager factory methods to create a singleton CacheManager or specifying a separate ehcache configuration (ehcache.xml) for each CacheManager instance.  
2017-04-29 21:22:49 [localhost-startStop-1:1138 ]-[ WARN ] Data in persistent disk stores is ignored for stores from automatically created directories.
Remove diskPersistent or resolve the conflicting disk paths in cache configuration.
Deleting data file /srv/tomcat8/temp/ehcache_auto_created8364437134690900876diskstore/soda.data  
2017-04-29 21:22:49 [localhost-startStop-1:1333 ]-[ INFO ] Root WebApplicationContext: initialization completed in 1332 ms  
